<?xml version="1.0" encoding="UTF-8"?>
<!-- Generated by org.testng.reporters.JUnitReportReporter -->
<testsuite name="test.Framework.TestLogin" tests="1" time="2.812" ignored="0" failures="0" timestamp="07 May 2020 21:07:25 GMT" skipped="0" hostname="DESKTOP-A47DPGR" errors="0">
  <testcase name="LoginTest" time="2.812" classname="test.Framework.TestLogin"/>
</testsuite> <!-- test.Framework.TestLogin -->
